;;; 
Export: Release 11.2.0.2.0 - Production on Wed Nov 2 00:05:06 2022

Copyright (c) 1982, 2009, Oracle and/or its affiliates.  All rights reserved.
;;; 
Connected to: Oracle Database 11g Express Edition Release 11.2.0.2.0 - 64bit Production
Starting "SYSTEM"."SYS_EXPORT_SCHEMA_01":  system/******** DIRECTORY=my_data_pump_dir_ DUMPFILE=expfull.dmp LOGFILE = tblsp_log.log SCHEMAS = mahery 
Estimate in progress using BLOCKS method...
Processing object type SCHEMA_EXPORT/TABLE/TABLE_DATA
Total estimation using BLOCKS method: 0 KB
Processing object type SCHEMA_EXPORT/USER
Processing object type SCHEMA_EXPORT/SYSTEM_GRANT
Processing object type SCHEMA_EXPORT/ROLE_GRANT
Processing object type SCHEMA_EXPORT/DEFAULT_ROLE
Processing object type SCHEMA_EXPORT/TABLESPACE_QUOTA
Processing object type SCHEMA_EXPORT/PRE_SCHEMA/PROCACT_SCHEMA
Master table "SYSTEM"."SYS_EXPORT_SCHEMA_01" successfully loaded/unloaded
******************************************************************************
Dump file set for SYSTEM.SYS_EXPORT_SCHEMA_01 is:
  C:\USERS\RAMAHERY\DESKTOP\MIGRATION DATAPUMP\EXPFULL.DMP
Job "SYSTEM"."SYS_EXPORT_SCHEMA_01" successfully completed at 00:05:21
