
SQL*Loader: Release 11.2.0.2.0 - Production on Thu Nov 3 19:04:29 2022

Copyright (c) 1982, 2009, Oracle and/or its affiliates.  All rights reserved.

Control File:   chauf.ctl
Data File:      chauf.csv
  Bad File:     chauf.bad
  Discard File:  none specified
 
 (Allow all discards)

Number to load: ALL
Number to skip: 0
Errors allowed: 50
Bind array:     64 rows, maximum of 256000 bytes
Continuation:    none specified
Path used:      Conventional

Table CHAUFFEUR, loaded from every logical record.
Insert option in effect for this table: REPLACE

   Column Name                  Position   Len  Term Encl Datatype
------------------------------ ---------- ----- ---- ---- ---------------------
NUMCHAUFF                           FIRST     *   ,  O(") CHARACTER            
NOMCHAUFF                            NEXT     *   ,  O(") CHARACTER            
CIN                                  NEXT     *   ,  O(") CHARACTER            
NUMTEL                               NEXT     *   ,  O(") CHARACTER            

Record 5: Rejected - Error on table CHAUFFEUR, column NUMCHAUFF.
Column not found before end of logical record (use TRAILING NULLCOLS)
Record 6: Rejected - Error on table CHAUFFEUR, column NUMCHAUFF.
Column not found before end of logical record (use TRAILING NULLCOLS)
Record 7: Rejected - Error on table CHAUFFEUR, column NUMCHAUFF.
Column not found before end of logical record (use TRAILING NULLCOLS)
Record 8: Rejected - Error on table CHAUFFEUR, column NUMCHAUFF.
Column not found before end of logical record (use TRAILING NULLCOLS)

Table CHAUFFEUR:
  4 Rows successfully loaded.
  4 Rows not loaded due to data errors.
  0 Rows not loaded because all WHEN clauses were failed.
  0 Rows not loaded because all fields were null.


Space allocated for bind array:                  66048 bytes(64 rows)
Read   buffer bytes: 1048576

Total logical records skipped:          0
Total logical records read:             8
Total logical records rejected:         4
Total logical records discarded:        0

Run began on Thu Nov 03 19:04:29 2022
Run ended on Thu Nov 03 19:04:30 2022

Elapsed time was:     00:00:00.46
CPU time was:         00:00:00.06
