
SQL*Loader: Release 11.2.0.2.0 - Production on Thu Nov 3 19:21:34 2022

Copyright (c) 1982, 2009, Oracle and/or its affiliates.  All rights reserved.

Control File:   vehi.ctl
Data File:      vehi.csv
  Bad File:     vehi.bad
  Discard File:  none specified
 
 (Allow all discards)

Number to load: ALL
Number to skip: 0
Errors allowed: 50
Bind array:     64 rows, maximum of 256000 bytes
Continuation:    none specified
Path used:      Conventional

Table VEHICULE, loaded from every logical record.
Insert option in effect for this table: REPLACE

   Column Name                  Position   Len  Term Encl Datatype
------------------------------ ---------- ----- ---- ---- ---------------------
NUMVEHICULE                         FIRST     *   ,  O(") CHARACTER            
NUMCHAUFFEUR                         NEXT     *   ,  O(") CHARACTER            
TYPE_VOITURE                         NEXT     *   ,  O(") CHARACTER            
COULEUR                              NEXT     *   ,  O(") CHARACTER            
PUISSANCE                            NEXT     *   ,  O(") CHARACTER            
IMMATRICULATION                      NEXT     *   ,  O(") CHARACTER            
LIGNE                                NEXT     *   ,  O(") CHARACTER            


Table VEHICULE:
  4 Rows successfully loaded.
  0 Rows not loaded due to data errors.
  0 Rows not loaded because all WHEN clauses were failed.
  0 Rows not loaded because all fields were null.


Space allocated for bind array:                 115584 bytes(64 rows)
Read   buffer bytes: 1048576

Total logical records skipped:          0
Total logical records read:             4
Total logical records rejected:         0
Total logical records discarded:        0

Run began on Thu Nov 03 19:21:34 2022
Run ended on Thu Nov 03 19:21:34 2022

Elapsed time was:     00:00:00.08
CPU time was:         00:00:00.03
